#
# A fatal error has been detected by the Java Runtime Environment:
#
#  SIGSEGV (0xb) at pc=0x00007fff946a3097, pid=3780, tid=1287
#
# JRE version: Java(TM) SE Runtime Environment (7.0_45-b18) (build 1.7.0_45-b18)
# Java VM: Java HotSpot(TM) 64-Bit Server VM (24.45-b08 mixed mode bsd-amd64 compressed oops)
# Problematic frame:
# C  [libobjc.A.dylib+0x5097]  objc_msgSend+0x17
#
# Failed to write core dump. Core dumps have been disabled. To enable core dumping, try "ulimit -c unlimited" before starting Java again
#
# If you would like to submit a bug report, please visit:
#   http://bugreport.sun.com/bugreport/crash.jsp
# The crash happened outside the Java Virtual Machine in native code.
# See problematic frame for where to report the bug.
#

---------------  T H R E A D  ---------------

Current thread (0x00007fb12c10e800):  JavaThread "AppKit Thread" daemon [_thread_in_native, id=1287, stack(0x00007fff5ba9b000,0x00007fff5bb1b000)]

siginfo:si_signo=SIGSEGV: si_errno=0, si_code=0 (SEGV0), si_addr=0x0000000000000000

Registers:
RAX=0x00007fb12b4451a0, RBX=0x00000000000f445e, RCX=0x0000000000000000, RDX=0x00007fb12b658650
RSP=0x00007fff5bb16188, RBP=0x00007fff5bb16190, RSI=0x00007fff90a24d05, RDI=0x00007fb12b4451a0
R8 =0x0000000000000040, R9 =0x00007fff5bb16100, R10=0x00007fff90a24d05, R11=0x800007fb12b467b6
R12=0x00000000000f445e, R13=0x00007fff5bb16358, R14=0x00007fb12b690b30, R15=0x00007fff5bb162b8
RIP=0x00007fff946a3097, EFLAGS=0x0000000000010246, ERR=0x0000000000000000
  TRAPNO=0x000000000000000d

Top of Stack: (sp=0x00007fff5bb16188)
0x00007fff5bb16188:   00007fff8f4ebfcc 00007fff5bb164f0
0x00007fff5bb16198:   00007fff8f3dfc5d 00007fff7e1dfe10
0x00007fff5bb161a8:   00007fff9123b347 00007fff5bb161e0
0x00007fff5bb161b8:   00007fff946bba02 0000000000000798
0x00007fff5bb161c8:   00000000000f4460 0000000000000002
0x00007fff5bb161d8:   00007fb12b690090 00007fb12b68ec70
0x00007fff5bb161e8:   00007fb12b613af0 00007fb12b658650
0x00007fff5bb161f8:   00007fff5bb162b0 0000000000000000
0x00007fff5bb16208:   00000000000f445e 0000000000000051
0x00007fff5bb16218:   00007fff5bb16330 0000000000000000
0x00007fff5bb16228:   0000000000000001 00007fb12b613ae0
0x00007fff5bb16238:   000000000000004f 00000000000278cb
0x00007fff5bb16248:   0000010000000000 00007fff7e4ed980
0x00007fff5bb16258:   0000206000c976ea 00007fff5bb163b0
0x00007fff5bb16268:   0000000000000000 00007fff5bb16348
0x00007fff5bb16278:   00007fff5bb16328 00007fff7e4ed968
0x00007fff5bb16288:   0000000000000000 0000000000000009
0x00007fff5bb16298:   00007fff92c976ea 00007fff7da07b08
0x00007fff5bb162a8:   0000000000000000 00007fb12b690110
0x00007fff5bb162b8:   00007fb12b690b30 00007fff98399b08
0x00007fff5bb162c8:   0000000000000000 00007fff5bb16390
0x00007fff5bb162d8:   00007fff95f7426e 00007fff7e9b40d0
0x00007fff5bb162e8:   0000000042000000 00007fff95f7c671
0x00007fff5bb162f8:   00007fff7e4c9b30 00007fff5bb163f8
0x00007fff5bb16308:   00007fff5bb16328 00007fff5bb16348
0x00007fff5bb16318:   0000000000000000 00000001040fe001
0x00007fff5bb16328:   0000000000000000 000000000000004d
0x00007fff5bb16338:   0000000000000000 00000000000f42e2
0x00007fff5bb16348:   000000000000004f 0000000000000000
0x00007fff5bb16358:   00000000000f445e 000000015bb16400
0x00007fff5bb16368:   00007fff92c98261 00007fff7e1de748
0x00007fff5bb16378:   00007fff7e1de74c 000000007e1da1b8 

Instructions: (pc=0x00007fff946a3097)
0x00007fff946a3077:   90 90 90 90 90 90 90 90 90 48 85 ff 2e 74 72 40
0x00007fff946a3087:   f6 c7 01 2e 0f 85 7e 00 00 00 4c 8b 1f 49 89 f2
0x00007fff946a3097:   45 23 53 18 49 c1 e2 04 4d 03 53 10 49 3b 32 75
0x00007fff946a30a7:   04 41 ff 62 08 49 83 3a 00 74 74 4d 3b 53 10 74 

Register to memory mapping:

RAX=0x00007fb12b4451a0 is an unknown value
RBX=0x00000000000f445e is an unknown value
RCX=0x0000000000000000 is an unknown value
RDX=0x00007fb12b658650 is an unknown value
RSP=0x00007fff5bb16188 is pointing into the stack for thread: 0x00007fb12c10e800
RBP=0x00007fff5bb16190 is pointing into the stack for thread: 0x00007fb12c10e800
RSI=0x00007fff90a24d05: NSAppKitVersionNumber+0x534c5 in /System/Library/Frameworks/AppKit.framework/Versions/C/AppKit at 0x00007fff8ff83000
RDI=0x00007fb12b4451a0 is an unknown value
R8 =0x0000000000000040 is an unknown value
R9 =0x00007fff5bb16100 is pointing into the stack for thread: 0x00007fb12c10e800
R10=0x00007fff90a24d05: NSAppKitVersionNumber+0x534c5 in /System/Library/Frameworks/AppKit.framework/Versions/C/AppKit at 0x00007fff8ff83000
R11=0x800007fb12b467b6 is an unknown value
R12=0x00000000000f445e is an unknown value
R13=0x00007fff5bb16358 is pointing into the stack for thread: 0x00007fb12c10e800
R14=0x00007fb12b690b30 is an unknown value
R15=0x00007fff5bb162b8 is pointing into the stack for thread: 0x00007fb12c10e800


Stack: [0x00007fff5ba9b000,0x00007fff5bb1b000],  sp=0x00007fff5bb16188,  free space=492k
Native frames: (J=compiled Java code, j=interpreted, Vv=VM code, C=native code)
C  [libobjc.A.dylib+0x5097]  objc_msgSend+0x17
C  [CoreFoundation+0x10c5d]  _CFXNotificationPost+0xb4d
C  [Foundation+0x34aa]  -[NSNotificationCenter postNotificationName:object:userInfo:]+0x44
C  [AppKit+0x10f609]  -[NSSurface _disposeSurface]+0x98
C  [AppKit+0x10f0a5]  -[NSSurface setWindow:]+0x46
C  [AppKit+0x3af67]  -[NSView _setWindow:]+0x8ea
C  [AppKit+0x3bf9a]  -[NSView removeFromSuperview]+0x15e
C  [AppKit+0x98759]  -[NSView removeFromSuperviewWithoutNeedingDisplay]+0x26
C  [liblwjgl.jnilib+0x936e]  +[MacOSXKeyableWindow destroyWindow]+0xde
C  [Foundation+0x640de]  __NSThreadPerformPerform+0xe5
C  [CoreFoundation+0x7f8f1]  __CFRUNLOOP_IS_CALLING_OUT_TO_A_SOURCE0_PERFORM_FUNCTION__+0x11
C  [CoreFoundation+0x71062]  __CFRunLoopDoSources0+0xf2
C  [CoreFoundation+0x707ef]  __CFRunLoopRun+0x33f
C  [CoreFoundation+0x70275]  CFRunLoopRunSpecific+0x135
C  [HIToolbox+0x2ef0d]  RunCurrentEventLoopInMode+0xe2
C  [HIToolbox+0x2ecb7]  ReceiveNextEventCommon+0x1df
C  [HIToolbox+0x2eabc]  _BlockUntilNextEventMatchingListInModeWithFilter+0x41
C  [AppKit+0x2428e]  _DPSNextEvent+0x59a
C  [AppKit+0x238db]  -[NSApplication nextEventMatchingMask:untilDate:inMode:dequeue:]+0x7a
C  [libosxapp.dylib+0x16f4]  -[NSApplicationAWT nextEventMatchingMask:untilDate:inMode:dequeue:]+0x7c
C  [AppKit+0x179cc]  -[NSApplication run]+0x229
C  [libosxapp.dylib+0x1557]  +[NSApplicationAWT runAWTLoopWithApp:]+0x9c
C  [liblwawt.dylib+0xdba9]  -[AWTStarter starter:]+0x369
C  [Foundation+0x640de]  __NSThreadPerformPerform+0xe5
C  [CoreFoundation+0x7f8f1]  __CFRUNLOOP_IS_CALLING_OUT_TO_A_SOURCE0_PERFORM_FUNCTION__+0x11
C  [CoreFoundation+0x71062]  __CFRunLoopDoSources0+0xf2
C  [CoreFoundation+0x707ef]  __CFRunLoopRun+0x33f
C  [CoreFoundation+0x70275]  CFRunLoopRunSpecific+0x135
C  [java+0x73b0]  CreateExecutionEnvironment+0x367
C  [java+0x1b5c]  JLI_Launch+0x7a0
C  [java+0x770d]  main+0x65
C  [java+0x13b4]  start+0x34


---------------  P R O C E S S  ---------------

Java Threads: ( => current thread )
  0x00007fb12b81e000 JavaThread "AWT-Shutdown" [_thread_blocked, id=17715, stack(0x000000010ea24000,0x000000010eb24000)]
  0x00007fb12b847800 JavaThread "DestroyJavaVM" [_thread_blocked, id=6403, stack(0x0000000105454000,0x0000000105554000)]
  0x00007fb12c8ca000 JavaThread "LWJGL Application" [_thread_in_native, id=62467, stack(0x000000011180b000,0x000000011190b000)]
=>0x00007fb12c10e800 JavaThread "AppKit Thread" daemon [_thread_in_native, id=1287, stack(0x00007fff5ba9b000,0x00007fff5bb1b000)]
  0x00007fb12d01e000 JavaThread "Service Thread" daemon [_thread_blocked, id=19459, stack(0x000000010cd7f000,0x000000010ce7f000)]
  0x00007fb12d01d000 JavaThread "C2 CompilerThread1" daemon [_thread_blocked, id=18947, stack(0x000000010cc7c000,0x000000010cd7c000)]
  0x00007fb12d01b800 JavaThread "C2 CompilerThread0" daemon [_thread_blocked, id=18435, stack(0x000000010cb79000,0x000000010cc79000)]
  0x00007fb12d014000 JavaThread "Signal Dispatcher" daemon [_thread_blocked, id=17923, stack(0x000000010ca76000,0x000000010cb76000)]
  0x00007fb12c04a000 JavaThread "Finalizer" daemon [_thread_blocked, id=12547, stack(0x000000010c7a4000,0x000000010c8a4000)]
  0x00007fb12c047000 JavaThread "Reference Handler" daemon [_thread_blocked, id=12035, stack(0x000000010c6a1000,0x000000010c7a1000)]

Other Threads:
  0x00007fb12c046800 VMThread [stack: 0x000000010c59e000,0x000000010c69e000] [id=11523]
  0x00007fb12d015000 WatcherThread [stack: 0x000000010ce82000,0x000000010cf82000] [id=19971]

VM state:not at safepoint (normal execution)

VM Mutex/Monitor currently owned by a thread: None

Heap
 PSYoungGen      total 19456K, used 17469K [0x00000007eaa80000, 0x00000007ec000000, 0x0000000800000000)
  eden space 16896K, 88% used [0x00000007eaa80000,0x00000007eb91b4e8,0x00000007ebb00000)
  from space 2560K, 98% used [0x00000007ebb00000,0x00000007ebd741a0,0x00000007ebd80000)
  to   space 2560K, 0% used [0x00000007ebd80000,0x00000007ebd80000,0x00000007ec000000)
 ParOldGen       total 43520K, used 24K [0x00000007c0000000, 0x00000007c2a80000, 0x00000007eaa80000)
  object space 43520K, 0% used [0x00000007c0000000,0x00000007c0006000,0x00000007c2a80000)
 PSPermGen       total 21504K, used 10720K [0x00000007bae00000, 0x00000007bc300000, 0x00000007c0000000)
  object space 21504K, 49% used [0x00000007bae00000,0x00000007bb8783c8,0x00000007bc300000)

Card table byte_map: [0x0000000108664000,0x000000010888e000] byte_map_base: 0x000000010488d000

Polling page: 0x00000001041f9000

Code Cache  [0x00000001055a4000, 0x0000000105814000, 0x00000001085a4000)
 total_blobs=665 nmethods=282 adapters=337 free_code_cache=48116Kb largest_free_block=49248960

Compilation events (10 events):
Event: 66.391 Thread 0x00007fb12d01b800  278             java.lang.ThreadLocal::access$400 (5 bytes)
Event: 66.392 Thread 0x00007fb12d01b800 nmethod 278 0x00000001056a9490 code [0x00000001056a95c0, 0x00000001056a9618]
Event: 70.274 Thread 0x00007fb12d01d000  279             com.badlogic.gdx.utils.Array::add (48 bytes)
Event: 70.277 Thread 0x00007fb12d01d000 nmethod 279 0x00000001056a3f50 code [0x00000001056a40e0, 0x00000001056a42c8]
Event: 71.667 Thread 0x00007fb12d01b800  280             java.util.ArrayList::clear (39 bytes)
Event: 71.669 Thread 0x00007fb12d01b800 nmethod 280 0x00000001056a7550 code [0x00000001056a7680, 0x00000001056a7738]
Event: 73.856 Thread 0x00007fb12d01d000  281             com.esotericsoftware.spine.Animation::apply (93 bytes)
Event: 73.862 Thread 0x00007fb12d01d000 nmethod 281 0x00000001056aa110 code [0x00000001056aa2e0, 0x00000001056aa808]
Event: 74.855 Thread 0x00007fb12d01b800  282             com.esotericsoftware.spine.Skeleton::updateWorldTransform (52 bytes)
Event: 74.876 Thread 0x00007fb12d01b800 nmethod 282 0x00000001056a7810 code [0x00000001056a7b20, 0x00000001056a8af8]

GC Heap History (6 events):
Event: 0.844 GC heap before
{Heap before GC invocations=1 (full 0):
 PSYoungGen      total 19456K, used 16896K [0x00000007eaa80000, 0x00000007ec000000, 0x0000000800000000)
  eden space 16896K, 100% used [0x00000007eaa80000,0x00000007ebb00000,0x00000007ebb00000)
  from space 2560K, 0% used [0x00000007ebd80000,0x00000007ebd80000,0x00000007ec000000)
  to   space 2560K, 0% used [0x00000007ebb00000,0x00000007ebb00000,0x00000007ebd80000)
 ParOldGen       total 43520K, used 0K [0x00000007c0000000, 0x00000007c2a80000, 0x00000007eaa80000)
  object space 43520K, 0% used [0x00000007c0000000,0x00000007c0000000,0x00000007c2a80000)
 PSPermGen       total 21504K, used 8424K [0x00000007bae00000, 0x00000007bc300000, 0x00000007c0000000)
  object space 21504K, 39% used [0x00000007bae00000,0x00000007bb63a270,0x00000007bc300000)
Event: 0.849 GC heap after
Heap after GC invocations=1 (full 0):
 PSYoungGen      total 19456K, used 2010K [0x00000007eaa80000, 0x00000007ec000000, 0x0000000800000000)
  eden space 16896K, 0% used [0x00000007eaa80000,0x00000007eaa80000,0x00000007ebb00000)
  from space 2560K, 78% used [0x00000007ebb00000,0x00000007ebcf69e8,0x00000007ebd80000)
  to   space 2560K, 0% used [0x00000007ebd80000,0x00000007ebd80000,0x00000007ec000000)
 ParOldGen       total 43520K, used 8K [0x00000007c0000000, 0x00000007c2a80000, 0x00000007eaa80000)
  object space 43520K, 0% used [0x00000007c0000000,0x00000007c0002000,0x00000007c2a80000)
 PSPermGen       total 21504K, used 8424K [0x00000007bae00000, 0x00000007bc300000, 0x00000007c0000000)
  object space 21504K, 39% used [0x00000007bae00000,0x00000007bb63a270,0x00000007bc300000)
}
Event: 3.680 GC heap before
{Heap before GC invocations=2 (full 0):
 PSYoungGen      total 19456K, used 18906K [0x00000007eaa80000, 0x00000007ec000000, 0x0000000800000000)
  eden space 16896K, 100% used [0x00000007eaa80000,0x00000007ebb00000,0x00000007ebb00000)
  from space 2560K, 78% used [0x00000007ebb00000,0x00000007ebcf69e8,0x00000007ebd80000)
  to   space 2560K, 0% used [0x00000007ebd80000,0x00000007ebd80000,0x00000007ec000000)
 ParOldGen       total 43520K, used 8K [0x00000007c0000000, 0x00000007c2a80000, 0x00000007eaa80000)
  object space 43520K, 0% used [0x00000007c0000000,0x00000007c0002000,0x00000007c2a80000)
 PSPermGen       total 21504K, used 10301K [0x00000007bae00000, 0x00000007bc300000, 0x00000007c0000000)
  object space 21504K, 47% used [0x00000007bae00000,0x00000007bb80f608,0x00000007bc300000)
Event: 3.685 GC heap after
Heap after GC invocations=2 (full 0):
 PSYoungGen      total 19456K, used 2429K [0x00000007eaa80000, 0x00000007ec000000, 0x0000000800000000)
  eden space 16896K, 0% used [0x00000007eaa80000,0x00000007eaa80000,0x00000007ebb00000)
  from space 2560K, 94% used [0x00000007ebd80000,0x00000007ebfdf5c8,0x00000007ec000000)
  to   space 2560K, 0% used [0x00000007ebb00000,0x00000007ebb00000,0x00000007ebd80000)
 ParOldGen       total 43520K, used 16K [0x00000007c0000000, 0x00000007c2a80000, 0x00000007eaa80000)
  object space 43520K, 0% used [0x00000007c0000000,0x00000007c0004000,0x00000007c2a80000)
 PSPermGen       total 21504K, used 10301K [0x00000007bae00000, 0x00000007bc300000, 0x00000007c0000000)
  object space 21504K, 47% used [0x00000007bae00000,0x00000007bb80f608,0x00000007bc300000)
}
Event: 40.502 GC heap before
{Heap before GC invocations=3 (full 0):
 PSYoungGen      total 19456K, used 19325K [0x00000007eaa80000, 0x00000007ec000000, 0x0000000800000000)
  eden space 16896K, 100% used [0x00000007eaa80000,0x00000007ebb00000,0x00000007ebb00000)
  from space 2560K, 94% used [0x00000007ebd80000,0x00000007ebfdf5c8,0x00000007ec000000)
  to   space 2560K, 0% used [0x00000007ebb00000,0x00000007ebb00000,0x00000007ebd80000)
 ParOldGen       total 43520K, used 16K [0x00000007c0000000, 0x00000007c2a80000, 0x00000007eaa80000)
  object space 43520K, 0% used [0x00000007c0000000,0x00000007c0004000,0x00000007c2a80000)
 PSPermGen       total 21504K, used 10642K [0x00000007bae00000, 0x00000007bc300000, 0x00000007c0000000)
  object space 21504K, 49% used [0x00000007bae00000,0x00000007bb864b40,0x00000007bc300000)
Event: 40.510 GC heap after
Heap after GC invocations=3 (full 0):
 PSYoungGen      total 19456K, used 2512K [0x00000007eaa80000, 0x00000007ec000000, 0x0000000800000000)
  eden space 16896K, 0% used [0x00000007eaa80000,0x00000007eaa80000,0x00000007ebb00000)
  from space 2560K, 98% used [0x00000007ebb00000,0x00000007ebd741a0,0x00000007ebd80000)
  to   space 2560K, 0% used [0x00000007ebd80000,0x00000007ebd80000,0x00000007ec000000)
 ParOldGen       total 43520K, used 24K [0x00000007c0000000, 0x00000007c2a80000, 0x00000007eaa80000)
  object space 43520K, 0% used [0x00000007c0000000,0x00000007c0006000,0x00000007c2a80000)
 PSPermGen       total 21504K, used 10642K [0x00000007bae00000, 0x00000007bc300000, 0x00000007c0000000)
  object space 21504K, 49% used [0x00000007bae00000,0x00000007bb864b40,0x00000007bc300000)
}

Deoptimization events (9 events):
Event: 1.369 Thread 0x00007fb12c8ca000 Uncommon trap: reason=unreached action=reinterpret pc=0x0000000105630c40 method=java.net.URL.<init>(Ljava/net/URL;Ljava/lang/String;Ljava/net/URLStreamHandler;)V @ 228
Event: 44.119 Thread 0x00007fb12c8ca000 Uncommon trap: reason=array_check action=maybe_recompile pc=0x000000010569ddf4 method=com.badlogic.gdx.utils.Array.add(Ljava/lang/Object;)V @ 46
Event: 44.119 Thread 0x00007fb12c8ca000 Uncommon trap: reason=array_check action=maybe_recompile pc=0x000000010569ddf4 method=com.badlogic.gdx.utils.Array.add(Ljava/lang/Object;)V @ 46
Event: 44.252 Thread 0x00007fb12c8ca000 Uncommon trap: reason=array_check action=maybe_recompile pc=0x000000010569ddf4 method=com.badlogic.gdx.utils.Array.add(Ljava/lang/Object;)V @ 46
Event: 44.252 Thread 0x00007fb12c8ca000 Uncommon trap: reason=array_check action=maybe_recompile pc=0x000000010569ddf4 method=com.badlogic.gdx.utils.Array.add(Ljava/lang/Object;)V @ 46
Event: 75.390 Thread 0x00007fb12c8ca000 Uncommon trap: reason=bimorphic action=maybe_recompile pc=0x000000010569d360 method=com.badlogic.gdx.utils.ObjectMap.get(Ljava/lang/Object;)Ljava/lang/Object; @ 19
Event: 75.390 Thread 0x00007fb12c8ca000 Uncommon trap: reason=bimorphic action=maybe_recompile pc=0x000000010569d360 method=com.badlogic.gdx.utils.ObjectMap.get(Ljava/lang/Object;)Ljava/lang/Object; @ 19
Event: 75.391 Thread 0x00007fb12c8ca000 Uncommon trap: reason=bimorphic action=maybe_recompile pc=0x000000010569d360 method=com.badlogic.gdx.utils.ObjectMap.get(Ljava/lang/Object;)Ljava/lang/Object; @ 19
Event: 75.391 Thread 0x00007fb12c8ca000 Uncommon trap: reason=bimorphic action=maybe_recompile pc=0x000000010569d360 method=com.badlogic.gdx.utils.ObjectMap.get(Ljava/lang/Object;)Ljava/lang/Object; @ 19

Internal exceptions (10 events):
Event: 4.518 Thread 0x00007fb12c8ca000 Threw 0x00000007eada1a80 at /HUDSON/workspace/7u-2-build-macosx-x86_64/jdk7u45/229/hotspot/src/share/vm/prims/jvm.cpp:1244
Event: 4.518 Thread 0x00007fb12c8ca000 Threw 0x00000007eada72a0 at /HUDSON/workspace/7u-2-build-macosx-x86_64/jdk7u45/229/hotspot/src/share/vm/prims/jvm.cpp:1244
Event: 4.518 Thread 0x00007fb12c8ca000 Threw 0x00000007eadacb58 at /HUDSON/workspace/7u-2-build-macosx-x86_64/jdk7u45/229/hotspot/src/share/vm/prims/jvm.cpp:1244
Event: 5.282 Thread 0x00007fb12c8ca000 Threw 0x00000007eae0c648 at /HUDSON/workspace/7u-2-build-macosx-x86_64/jdk7u45/229/hotspot/src/share/vm/prims/jvm.cpp:1244
Event: 5.283 Thread 0x00007fb12c8ca000 Threw 0x00000007eae15ab0 at /HUDSON/workspace/7u-2-build-macosx-x86_64/jdk7u45/229/hotspot/src/share/vm/prims/jvm.cpp:1244
Event: 5.284 Thread 0x00007fb12c8ca000 Threw 0x00000007eae1e940 at /HUDSON/workspace/7u-2-build-macosx-x86_64/jdk7u45/229/hotspot/src/share/vm/prims/jvm.cpp:1244
Event: 5.284 Thread 0x00007fb12c8ca000 Threw 0x00000007eae269b0 at /HUDSON/workspace/7u-2-build-macosx-x86_64/jdk7u45/229/hotspot/src/share/vm/prims/jvm.cpp:1244
Event: 75.388 Thread 0x00007fb12c8ca000 Threw 0x00000007eb852cb8 at /HUDSON/workspace/7u-2-build-macosx-x86_64/jdk7u45/229/hotspot/src/share/vm/prims/jvm.cpp:1244
Event: 75.391 Thread 0x00007fb12c8ca000 Threw 0x00000007eb858dc8 at /HUDSON/workspace/7u-2-build-macosx-x86_64/jdk7u45/229/hotspot/src/share/vm/prims/jvm.cpp:1244
Event: 75.420 Thread 0x00007fb12c8ca000 Threw 0x00000007eb8d3688 at /HUDSON/workspace/7u-2-build-macosx-x86_64/jdk7u45/229/hotspot/src/share/vm/prims/jvm.cpp:1244

Events (10 events):
Event: 75.391 Thread 0x00007fb12c8ca000 DEOPT PACKING pc=0x000000010569d360 sp=0x000000011190a7a0
Event: 75.391 Thread 0x00007fb12c8ca000 DEOPT UNPACKING pc=0x00000001055dd045 sp=0x000000011190a770 mode 2
Event: 75.391 Thread 0x00007fb12c8ca000 Uncommon trap: trap_request=0xffffffc6 fr.pc=0x000000010569d360
Event: 75.391 Thread 0x00007fb12c8ca000 DEOPT PACKING pc=0x000000010569d360 sp=0x000000011190a7a0
Event: 75.391 Thread 0x00007fb12c8ca000 DEOPT UNPACKING pc=0x00000001055dd045 sp=0x000000011190a770 mode 2
Event: 75.391 loading class 0x00007fb12b531ad0
Event: 75.391 loading class 0x00007fb12b531ad0 done
Event: 75.392 Thread 0x00007fb12d139000 Thread exited: 0x00007fb12d139000
Event: 75.420 loading class 0x00007fb12b557ab0
Event: 75.420 loading class 0x00007fb12b557ab0 done


Dynamic libraries:
0x000000000d02a000 	/System/Library/Frameworks/Cocoa.framework/Versions/A/Cocoa
0x000000000d02a000 	/System/Library/Frameworks/Security.framework/Versions/A/Security
0x000000000d02a000 	/System/Library/Frameworks/ApplicationServices.framework/Versions/A/ApplicationServices
0x000000000d02a000 	/usr/lib/libz.1.dylib
0x000000000d02a000 	/usr/lib/libSystem.B.dylib
0x000000000d02a000 	/usr/lib/libobjc.A.dylib
0x000000000d02a000 	/System/Library/Frameworks/CoreFoundation.framework/Versions/A/CoreFoundation
0x000000000d02a000 	/System/Library/Frameworks/Foundation.framework/Versions/C/Foundation
0x000000000d02a000 	/System/Library/Frameworks/AppKit.framework/Versions/C/AppKit
0x000000000d02a000 	/System/Library/Frameworks/CoreData.framework/Versions/A/CoreData
0x000000000d02a000 	/System/Library/PrivateFrameworks/RemoteViewServices.framework/Versions/A/RemoteViewServices
0x000000000d02a000 	/System/Library/Frameworks/AudioToolbox.framework/Versions/A/AudioToolbox
0x000000000d02a000 	/System/Library/Frameworks/AudioUnit.framework/Versions/A/AudioUnit
0x000000000d02a000 	/System/Library/PrivateFrameworks/DataDetectorsCore.framework/Versions/A/DataDetectorsCore
0x000000000d02a000 	/System/Library/PrivateFrameworks/DesktopServicesPriv.framework/Versions/A/DesktopServicesPriv
0x000000000d02a000 	/System/Library/Frameworks/Carbon.framework/Versions/A/Frameworks/HIToolbox.framework/Versions/A/HIToolbox
0x000000000d02a000 	/System/Library/Frameworks/QuartzCore.framework/Versions/A/QuartzCore
0x000000000d02a000 	/System/Library/Frameworks/Carbon.framework/Versions/A/Frameworks/SpeechRecognition.framework/Versions/A/SpeechRecognition
0x000000000d02a000 	/usr/lib/libauto.dylib
0x000000000d02a000 	/usr/lib/libicucore.A.dylib
0x000000000d02a000 	/usr/lib/libxml2.2.dylib
0x000000000d02a000 	/System/Library/PrivateFrameworks/CoreUI.framework/Versions/A/CoreUI
0x000000000d02a000 	/System/Library/Frameworks/CoreAudio.framework/Versions/A/CoreAudio
0x000000000d02a000 	/System/Library/Frameworks/DiskArbitration.framework/Versions/A/DiskArbitration
0x000000000d02a000 	/usr/lib/liblangid.dylib
0x000000000d02a000 	/System/Library/PrivateFrameworks/MultitouchSupport.framework/Versions/A/MultitouchSupport
0x000000000d02a000 	/System/Library/Frameworks/IOKit.framework/Versions/A/IOKit
0x000000000d02a000 	/usr/lib/libDiagnosticMessagesClient.dylib
0x000000000d02a000 	/System/Library/Frameworks/CoreServices.framework/Versions/A/CoreServices
0x000000000d02a000 	/System/Library/PrivateFrameworks/PerformanceAnalysis.framework/Versions/A/PerformanceAnalysis
0x000000000d02a000 	/System/Library/PrivateFrameworks/GenerationalStorage.framework/Versions/A/GenerationalStorage
0x000000000d02a000 	/System/Library/Frameworks/OpenGL.framework/Versions/A/OpenGL
0x000000000d02a000 	/System/Library/PrivateFrameworks/Sharing.framework/Versions/A/Sharing
0x000000000d02a000 	/System/Library/Frameworks/ImageIO.framework/Versions/A/ImageIO
0x000000000d02a000 	/System/Library/Frameworks/CoreText.framework/Versions/A/CoreText
0x000000000d02a000 	/System/Library/Frameworks/CoreGraphics.framework/Versions/A/CoreGraphics
0x000000000d02a000 	/System/Library/PrivateFrameworks/Backup.framework/Versions/A/Backup
0x000000000d02a000 	/System/Library/Frameworks/CFNetwork.framework/Versions/A/CFNetwork
0x000000000d02a000 	/System/Library/Frameworks/SystemConfiguration.framework/Versions/A/SystemConfiguration
0x000000000d02a000 	/usr/lib/libCRFSuite.dylib
0x000000000d02a000 	/usr/lib/libc++.1.dylib
0x000000000d02a000 	/usr/lib/libc++abi.dylib
0x000000000d02a000 	/usr/lib/system/libcache.dylib
0x000000000d02a000 	/usr/lib/system/libcommonCrypto.dylib
0x000000000d02a000 	/usr/lib/system/libcompiler_rt.dylib
0x000000000d02a000 	/usr/lib/system/libcopyfile.dylib
0x000000000d02a000 	/usr/lib/system/libcorecrypto.dylib
0x000000000d02a000 	/usr/lib/system/libdispatch.dylib
0x000000000d02a000 	/usr/lib/system/libdyld.dylib
0x000000000d02a000 	/usr/lib/system/libkeymgr.dylib
0x000000000d02a000 	/usr/lib/system/liblaunch.dylib
0x000000000d02a000 	/usr/lib/system/libmacho.dylib
0x000000000d02a000 	/usr/lib/system/libquarantine.dylib
0x000000000d02a000 	/usr/lib/system/libremovefile.dylib
0x000000000d02a000 	/usr/lib/system/libsystem_asl.dylib
0x000000000d02a000 	/usr/lib/system/libsystem_blocks.dylib
0x000000000d02a000 	/usr/lib/system/libsystem_c.dylib
0x000000000d02a000 	/usr/lib/system/libsystem_configuration.dylib
0x000000000d02a000 	/usr/lib/system/libsystem_dnssd.dylib
0x000000000d02a000 	/usr/lib/system/libsystem_info.dylib
0x000000000d02a000 	/usr/lib/system/libsystem_kernel.dylib
0x000000000d02a000 	/usr/lib/system/libsystem_m.dylib
0x000000000d02a000 	/usr/lib/system/libsystem_malloc.dylib
0x000000000d02a000 	/usr/lib/system/libsystem_network.dylib
0x000000000d02a000 	/usr/lib/system/libsystem_notify.dylib
0x000000000d02a000 	/usr/lib/system/libsystem_platform.dylib
0x000000000d02a000 	/usr/lib/system/libsystem_pthread.dylib
0x000000000d02a000 	/usr/lib/system/libsystem_sandbox.dylib
0x000000000d02a000 	/usr/lib/system/libsystem_stats.dylib
0x000000000d02a000 	/usr/lib/system/libunc.dylib
0x000000000d02a000 	/usr/lib/system/libunwind.dylib
0x000000000d02a000 	/usr/lib/system/libxpc.dylib
0x000000000d02a000 	/usr/lib/libbsm.0.dylib
0x000000000d02a000 	/usr/lib/libsqlite3.dylib
0x000000000d02a000 	/usr/lib/libxar.1.dylib
0x000000000d02a000 	/usr/lib/libpam.2.dylib
0x000000000d02a000 	/usr/lib/libOpenScriptingUtil.dylib
0x000000000d02a000 	/usr/lib/libbz2.1.0.dylib
0x000000000d02a000 	/System/Library/Frameworks/CoreServices.framework/Versions/A/Frameworks/CarbonCore.framework/Versions/A/CarbonCore
0x000000000d02a000 	/System/Library/Frameworks/CoreServices.framework/Versions/A/Frameworks/Metadata.framework/Versions/A/Metadata
0x000000000d02a000 	/System/Library/Frameworks/CoreServices.framework/Versions/A/Frameworks/OSServices.framework/Versions/A/OSServices
0x000000000d02a000 	/System/Library/Frameworks/CoreServices.framework/Versions/A/Frameworks/SearchKit.framework/Versions/A/SearchKit
0x000000000d02a000 	/System/Library/Frameworks/CoreServices.framework/Versions/A/Frameworks/AE.framework/Versions/A/AE
0x000000000d02a000 	/System/Library/Frameworks/CoreServices.framework/Versions/A/Frameworks/LaunchServices.framework/Versions/A/LaunchServices
0x000000000d02a000 	/System/Library/Frameworks/CoreServices.framework/Versions/A/Frameworks/DictionaryServices.framework/Versions/A/DictionaryServices
0x000000000d02a000 	/System/Library/Frameworks/NetFS.framework/Versions/A/NetFS
0x000000000d02a000 	/usr/lib/system/libkxld.dylib
0x000000000d02a000 	/System/Library/PrivateFrameworks/NetAuth.framework/Versions/A/NetAuth
0x000000000d02a000 	/System/Library/PrivateFrameworks/TCC.framework/Versions/A/TCC
0x000000000d02a000 	/System/Library/Frameworks/OpenDirectory.framework/Versions/A/Frameworks/CFOpenDirectory.framework/Versions/A/CFOpenDirectory
0x000000000d02a000 	/System/Library/Frameworks/ServiceManagement.framework/Versions/A/ServiceManagement
0x000000000d02a000 	/usr/lib/libxslt.1.dylib
0x000000000d02a000 	/System/Library/Frameworks/Carbon.framework/Versions/A/Frameworks/Ink.framework/Versions/A/Ink
0x000000000d02a000 	/System/Library/Frameworks/ApplicationServices.framework/Versions/A/Frameworks/ATS.framework/Versions/A/ATS
0x000000000d02a000 	/System/Library/Frameworks/ApplicationServices.framework/Versions/A/Frameworks/ColorSync.framework/Versions/A/ColorSync
0x000000000d02a000 	/System/Library/Frameworks/ApplicationServices.framework/Versions/A/Frameworks/HIServices.framework/Versions/A/HIServices
0x000000000d02a000 	/System/Library/Frameworks/ApplicationServices.framework/Versions/A/Frameworks/LangAnalysis.framework/Versions/A/LangAnalysis
0x000000000d02a000 	/System/Library/Frameworks/ApplicationServices.framework/Versions/A/Frameworks/PrintCore.framework/Versions/A/PrintCore
0x000000000d02a000 	/System/Library/Frameworks/ApplicationServices.framework/Versions/A/Frameworks/QD.framework/Versions/A/QD
0x000000000d02a000 	/System/Library/Frameworks/ApplicationServices.framework/Versions/A/Frameworks/SpeechSynthesis.framework/Versions/A/SpeechSynthesis
0x000000000d02a000 	/System/Library/Frameworks/IOSurface.framework/Versions/A/IOSurface
0x000000000d02a000 	/System/Library/Frameworks/Accelerate.framework/Versions/A/Accelerate
0x000000000d02a000 	/System/Library/Frameworks/Accelerate.framework/Versions/A/Frameworks/vImage.framework/Versions/A/vImage
0x000000000d02a000 	/System/Library/Frameworks/Accelerate.framework/Versions/A/Frameworks/vecLib.framework/Versions/A/vecLib
0x000000000d02a000 	/System/Library/Frameworks/Accelerate.framework/Versions/A/Frameworks/vecLib.framework/Versions/A/libvDSP.dylib
0x000000000d02a000 	/System/Library/Frameworks/Accelerate.framework/Versions/A/Frameworks/vecLib.framework/Versions/A/libvMisc.dylib
0x000000000d02a000 	/System/Library/Frameworks/Accelerate.framework/Versions/A/Frameworks/vecLib.framework/Versions/A/libLAPACK.dylib
0x000000000d02a000 	/System/Library/Frameworks/Accelerate.framework/Versions/A/Frameworks/vecLib.framework/Versions/A/libBLAS.dylib
0x000000000d02a000 	/System/Library/Frameworks/ApplicationServices.framework/Versions/A/Frameworks/ATS.framework/Versions/A/Resources/libFontParser.dylib
0x000000000d02a000 	/System/Library/Frameworks/ApplicationServices.framework/Versions/A/Frameworks/ATS.framework/Versions/A/Resources/libFontRegistry.dylib
0x000000000d02a000 	/System/Library/Frameworks/ImageIO.framework/Versions/A/Resources/libJPEG.dylib
0x000000000d02a000 	/System/Library/Frameworks/ImageIO.framework/Versions/A/Resources/libTIFF.dylib
0x000000000d02a000 	/System/Library/Frameworks/ImageIO.framework/Versions/A/Resources/libPng.dylib
0x000000000d02a000 	/System/Library/Frameworks/ImageIO.framework/Versions/A/Resources/libGIF.dylib
0x000000000d02a000 	/System/Library/Frameworks/ImageIO.framework/Versions/A/Resources/libJP2.dylib
0x000000000d02a000 	/System/Library/Frameworks/ImageIO.framework/Versions/A/Resources/libRadiance.dylib
0x000000000d02a000 	/usr/lib/libcups.2.dylib
0x000000000d02a000 	/System/Library/Frameworks/Kerberos.framework/Versions/A/Kerberos
0x000000000d02a000 	/System/Library/Frameworks/GSS.framework/Versions/A/GSS
0x000000000d02a000 	/usr/lib/libresolv.9.dylib
0x000000000d02a000 	/usr/lib/libiconv.2.dylib
0x000000000d02a000 	/System/Library/PrivateFrameworks/Heimdal.framework/Versions/A/Heimdal
0x000000000d02a000 	/System/Library/PrivateFrameworks/TrustEvaluationAgent.framework/Versions/A/TrustEvaluationAgent
0x000000000d02a000 	/usr/lib/libheimdal-asn1.dylib
0x000000000d02a000 	/System/Library/Frameworks/OpenDirectory.framework/Versions/A/OpenDirectory
0x000000000d02a000 	/System/Library/PrivateFrameworks/CommonAuth.framework/Versions/A/CommonAuth
0x000000000d02a000 	/System/Library/Frameworks/SecurityFoundation.framework/Versions/A/SecurityFoundation
0x000000000d02a000 	/System/Library/PrivateFrameworks/Bom.framework/Versions/A/Bom
0x000000000d02a000 	/System/Library/Frameworks/CoreVideo.framework/Versions/A/CoreVideo
0x000000000d02a000 	/System/Library/Frameworks/QuartzCore.framework/Versions/A/Frameworks/CoreImage.framework/Versions/A/CoreImage
0x000000000d02a000 	/System/Library/Frameworks/QuartzCore.framework/Versions/A/Frameworks/ScalableUserInterface.framework/Versions/A/ScalableUserInterface
0x000000000d02a000 	/System/Library/Frameworks/OpenGL.framework/Versions/A/Libraries/libGLU.dylib
0x000000000d02a000 	/System/Library/Frameworks/OpenGL.framework/Versions/A/Libraries/libGFXShared.dylib
0x000000000d02a000 	/System/Library/Frameworks/OpenGL.framework/Versions/A/Libraries/libGL.dylib
0x000000000d02a000 	/System/Library/Frameworks/OpenGL.framework/Versions/A/Libraries/libGLImage.dylib
0x000000000d02a000 	/System/Library/Frameworks/OpenGL.framework/Versions/A/Libraries/libCVMSPluginSupport.dylib
0x000000000d02a000 	/System/Library/Frameworks/OpenGL.framework/Versions/A/Libraries/libCoreVMClient.dylib
0x000000000d02a000 	/System/Library/PrivateFrameworks/FaceCore.framework/Versions/A/FaceCore
0x000000000d02a000 	/System/Library/PrivateFrameworks/CrashReporterSupport.framework/Versions/A/CrashReporterSupport
0x000000000d02a000 	/System/Library/Frameworks/OpenCL.framework/Versions/A/OpenCL
0x000000000d02a000 	/System/Library/PrivateFrameworks/AppleFSCompression.framework/Versions/A/AppleFSCompression
0x000000000d02a000 	/System/Library/PrivateFrameworks/Ubiquity.framework/Versions/A/Ubiquity
0x000000000d02a000 	/System/Library/PrivateFrameworks/IconServices.framework/Versions/A/IconServices
0x000000000d02a000 	/System/Library/PrivateFrameworks/ChunkingLibrary.framework/Versions/A/ChunkingLibrary
0x000000000d02a000 	/System/Library/PrivateFrameworks/CoreSymbolication.framework/Versions/A/CoreSymbolication
0x000000000d02a000 	/System/Library/PrivateFrameworks/Symbolication.framework/Versions/A/Symbolication
0x000000000d02a000 	/System/Library/PrivateFrameworks/DebugSymbols.framework/Versions/A/DebugSymbols
0x0000000104a00000 	/Library/Java/JavaVirtualMachines/jdk1.7.0_45.jdk/Contents/Home/jre/lib/server/libjvm.dylib
0x000000000d02a000 	/usr/lib/libstdc++.6.dylib
0x0000000105556000 	/Library/Java/JavaVirtualMachines/jdk1.7.0_45.jdk/Contents/Home/jre/lib/libverify.dylib
0x0000000105563000 	/Library/Java/JavaVirtualMachines/jdk1.7.0_45.jdk/Contents/Home/jre/lib/libjava.dylib
0x000000010559b000 	/Library/Java/JavaVirtualMachines/jdk1.7.0_45.jdk/Contents/Home/jre/lib/libzip.dylib
0x000000010c8a6000 	/System/Library/Frameworks/JavaVM.framework/Frameworks/JavaRuntimeSupport.framework/JavaRuntimeSupport
0x000000010c8be000 	/System/Library/Frameworks/JavaVM.framework/Versions/A/Frameworks/JavaNativeFoundation.framework/Versions/A/JavaNativeFoundation
0x000000010c8d3000 	/System/Library/Frameworks/JavaVM.framework/Versions/A/JavaVM
0x000000000d02a000 	/System/Library/Frameworks/Carbon.framework/Versions/A/Carbon
0x000000010c8e0000 	/System/Library/PrivateFrameworks/JavaLaunching.framework/Versions/A/JavaLaunching
0x000000000d02a000 	/System/Library/Frameworks/Carbon.framework/Versions/A/Frameworks/CommonPanels.framework/Versions/A/CommonPanels
0x000000000d02a000 	/System/Library/Frameworks/Carbon.framework/Versions/A/Frameworks/Help.framework/Versions/A/Help
0x000000000d02a000 	/System/Library/Frameworks/Carbon.framework/Versions/A/Frameworks/ImageCapture.framework/Versions/A/ImageCapture
0x000000000d02a000 	/System/Library/Frameworks/Carbon.framework/Versions/A/Frameworks/OpenScripting.framework/Versions/A/OpenScripting
0x000000000d02a000 	/System/Library/Frameworks/Carbon.framework/Versions/A/Frameworks/Print.framework/Versions/A/Print
0x000000000d02a000 	/System/Library/Frameworks/Carbon.framework/Versions/A/Frameworks/SecurityHI.framework/Versions/A/SecurityHI
0x000000010d08e000 	/private/var/folders/bg/d3p37_rj4kl7w8ppds53cp_80000gn/T/libgdxYayo/92bf976d/libgdx.dylib
0x000000010d116000 	/Library/Java/JavaVirtualMachines/jdk1.7.0_45.jdk/Contents/Home/jre/lib/libawt.dylib
0x000000010d1c5000 	/Library/Java/JavaVirtualMachines/jdk1.7.0_45.jdk/Contents/Home/jre/lib/./libmlib_image.dylib
0x000000010d291000 	/Library/Java/JavaVirtualMachines/jdk1.7.0_45.jdk/Contents/Home/jre/lib/lwawt/liblwawt.dylib
0x000000010d345000 	/Library/Java/JavaVirtualMachines/jdk1.7.0_45.jdk/Contents/Home/jre/lib/libosxapp.dylib
0x000000000d02a000 	/System/Library/Frameworks/ExceptionHandling.framework/Versions/A/ExceptionHandling
0x000000000d02a000 	/System/Library/PrivateFrameworks/CoreServicesInternal.framework/Versions/A/CoreServicesInternal
0x000000000d02a000 	/System/Library/PrivateFrameworks/Librarian.framework/Versions/A/Librarian
0x000000000d02a000 	/System/Library/Frameworks/CoreGraphics.framework/Versions/A/Resources/libCGCMS.A.dylib
0x000000000d02a000 	/System/Library/Frameworks/CoreGraphics.framework/Versions/A/Resources/libRIP.A.dylib
0x000000000d02a000 	/System/Library/Frameworks/CoreGraphics.framework/Versions/A/Resources/libCGXType.A.dylib
0x000000000d02a000 	/System/Library/PrivateFrameworks/FamilyControls.framework/Versions/A/FamilyControls
0x000000000d02a000 	/System/Library/PrivateFrameworks/CommerceKit.framework/Versions/A/Frameworks/CommerceCore.framework/Versions/A/CommerceCore
0x000000000d02a000 	/System/Library/PrivateFrameworks/SystemAdministration.framework/Versions/A/SystemAdministration
0x000000000d02a000 	/System/Library/Frameworks/DirectoryService.framework/Versions/A/DirectoryService
0x000000000d02a000 	/System/Library/PrivateFrameworks/DiskImages.framework/Versions/A/DiskImages
0x000000000d02a000 	/System/Library/PrivateFrameworks/LoginUIKit.framework/Versions/A/Frameworks/LoginUICore.framework/Versions/A/LoginUICore
0x000000000d02a000 	/usr/lib/libCoreStorage.dylib
0x000000000d02a000 	/usr/lib/libcsfde.dylib
0x000000000d02a000 	/usr/lib/libodfde.dylib
0x000000000d02a000 	/System/Library/Frameworks/DiscRecording.framework/Versions/A/DiscRecording
0x000000000d02a000 	/usr/lib/libcurl.4.dylib
0x000000000d02a000 	/System/Library/PrivateFrameworks/MediaKit.framework/Versions/A/MediaKit
0x000000000d02a000 	/System/Library/PrivateFrameworks/EFILogin.framework/Versions/A/EFILogin
0x000000000d02a000 	/usr/lib/libutil.dylib
0x000000000d02a000 	/System/Library/PrivateFrameworks/AOSNotification.framework/Versions/A/AOSNotification
0x000000000d02a000 	/System/Library/Frameworks/LDAP.framework/Versions/A/LDAP
0x000000000d02a000 	/usr/lib/libsasl2.2.dylib
0x000000000d02a000 	/usr/lib/libcrypto.0.9.8.dylib
0x000000000d02a000 	/usr/lib/libssl.0.9.8.dylib
0x000000011133c000 	/Library/Java/JavaVirtualMachines/jdk1.7.0_45.jdk/Contents/Home/jre/lib/libfontmanager.dylib
0x00000001113a0000 	/private/var/folders/bg/d3p37_rj4kl7w8ppds53cp_80000gn/T/libgdxYayo/75260a42/liblwjgl.jnilib
0x000000010ec03000 	/Library/Java/JavaVirtualMachines/jdk1.7.0_45.jdk/Contents/Home/jre/lib/libjawt.dylib
0x000000011141b000 	/var/folders/bg/d3p37_rj4kl7w8ppds53cp_80000gn/T/libgdxYayo/75260a42/openal.dylib
0x0000000111477000 	/System/Library/Components/CoreAudio.component/Contents/MacOS/CoreAudio
0x000000010f9f5000 	/System/Library/Extensions/AppleHDA.kext/Contents/PlugIns/AppleHDAHALPlugIn.bundle/Contents/MacOS/AppleHDAHALPlugIn
0x000000000d02a000 	/System/Library/Frameworks/OpenGL.framework/Versions/A/Resources/GLEngine.bundle/GLEngine
0x000000000d02a000 	/System/Library/Frameworks/OpenGL.framework/Versions/A/Libraries/libGLProgrammability.dylib
0x0000000000000000 	/System/Library/Extensions/AppleIntelHD5000GraphicsGLDriver.bundle/Contents/MacOS/AppleIntelHD5000GraphicsGLDriver
0x000000000d02a000 	/System/Library/PrivateFrameworks/IOAccelerator.framework/Versions/A/IOAccelerator
0x000000000d02a000 	/System/Library/PrivateFrameworks/GPUSupport.framework/Versions/A/Libraries/libGPUSupportMercury.dylib
0x000000000d02a000 	/System/Library/Frameworks/OpenGL.framework/Versions/A/Resources/GLRendererFloat.bundle/GLRendererFloat
0x000000000d02a000 	/System/Library/Frameworks/OpenCL.framework/Versions/A/Libraries/libcldcpuengine.dylib

VM Arguments:
jvm_args: -Dfile.encoding=US-ASCII 
java_command: com.tiarsoft.ponyrace.Main
Launcher Type: SUN_STANDARD

Environment Variables:
PATH=/usr/bin:/bin:/usr/sbin:/sbin
SHELL=/bin/bash
DISPLAY=/tmp/launch-EtBWzx/org.macosforge.xquartz:0

Signal Handlers:
SIGSEGV: [libjvm.dylib+0x525415], sa_mask[0]=0xfffefeff, sa_flags=0x00000043
SIGBUS: [libjvm.dylib+0x525415], sa_mask[0]=0xfffefeff, sa_flags=0x00000042
SIGFPE: [libjvm.dylib+0x41891a], sa_mask[0]=0xfffefeff, sa_flags=0x00000042
SIGPIPE: [libjvm.dylib+0x41891a], sa_mask[0]=0xfffefeff, sa_flags=0x00000042
SIGXFSZ: [libjvm.dylib+0x41891a], sa_mask[0]=0xfffefeff, sa_flags=0x00000042
SIGILL: [libjvm.dylib+0x41891a], sa_mask[0]=0xfffefeff, sa_flags=0x00000042
SIGUSR1: SIG_DFL, sa_mask[0]=0x00000000, sa_flags=0x00000002
SIGUSR2: [libjvm.dylib+0x41840c], sa_mask[0]=0x00000004, sa_flags=0x00000042
SIGHUP: [libjvm.dylib+0x41669b], sa_mask[0]=0xfffefeff, sa_flags=0x00000042
SIGINT: [libjvm.dylib+0x41669b], sa_mask[0]=0xfffefeff, sa_flags=0x00000042
SIGTERM: [libjvm.dylib+0x41669b], sa_mask[0]=0xfffefeff, sa_flags=0x00000042
SIGQUIT: [libjvm.dylib+0x41669b], sa_mask[0]=0xfffefeff, sa_flags=0x00000042


---------------  S Y S T E M  ---------------

OS:Bsduname:Darwin 13.0.0 Darwin Kernel Version 13.0.0: Thu Sep 19 22:22:27 PDT 2013; root:xnu-2422.1.72~6/RELEASE_X86_64 x86_64
rlimit: STACK 8192k, CORE 0k, NPROC 709, NOFILE 10240, AS infinity
load average:1.59 1.77 1.76

CPU:total 4 (2 cores per cpu, 2 threads per core) family 6 model 69 stepping 1, cmov, cx8, fxsr, mmx, sse, sse2, sse3, ssse3, sse4.1, sse4.2, popcnt, avx, avx2, aes, erms, ht, tsc, tscinvbit

Memory: 4k page, physical 4194304k(1048576k free)

/proc/meminfo:


vm_info: Java HotSpot(TM) 64-Bit Server VM (24.45-b08) for bsd-amd64 JRE (1.7.0_45-b18), built on Oct  8 2013 05:54:16 by "java_re" with gcc 4.2.1 (Based on Apple Inc. build 5658) (LLVM build 2336.11.00)

time: Thu Dec  5 17:42:09 2013
elapsed time: 75 seconds

